Copyright 1986-2016 Xilinx, Inc. All Rights Reserved.
--------------------------------------------------------------------------------------------------------
| Tool Version : Vivado v.2016.2 (lin64) Build 1577090 Thu Jun  2 16:32:35 MDT 2016
| Date         : Wed Nov 30 15:23:19 2016
| Host         : Cyberbeast running 64-bit Linux Mint 17.3 Rosa
| Command      : report_control_sets -verbose -file dsgn_can_network_v3_wrapper_control_sets_placed.rpt
| Design       : dsgn_can_network_v3_wrapper
| Device       : xc7z010
--------------------------------------------------------------------------------------------------------

Control Set Information

Table of Contents
-----------------
1. Summary
2. Flip-Flop Distribution
3. Detailed Control Set Information

1. Summary
----------

+----------------------------------------------------------+-------+
|                          Status                          | Count |
+----------------------------------------------------------+-------+
| Number of unique control sets                            |    49 |
| Unused register locations in slices containing registers |   132 |
+----------------------------------------------------------+-------+


2. Flip-Flop Distribution
-------------------------

+--------------+-----------------------+------------------------+-----------------+--------------+
| Clock Enable | Synchronous Set/Reset | Asynchronous Set/Reset | Total Registers | Total Slices |
+--------------+-----------------------+------------------------+-----------------+--------------+
| No           | No                    | No                     |             154 |           57 |
| No           | No                    | Yes                    |               0 |            0 |
| No           | Yes                   | No                     |             187 |           60 |
| Yes          | No                    | No                     |             415 |           92 |
| Yes          | No                    | Yes                    |               0 |            0 |
| Yes          | Yes                   | No                     |             120 |           36 |
+--------------+-----------------------+------------------------+-----------------+--------------+


3. Detailed Control Set Information
-----------------------------------

+------------------------------------------------------------+---------------------------------------------------------------------------------------------------------------------------------------------------------------------------+----------------------------------------------------------------------------------------------------------------------------------------------------------------------+------------------+----------------+
|                        Clock Signal                        |                                                                               Enable Signal                                                                               |                                                                           Set/Reset Signal                                                                           | Slice Load Count | Bel Load Count |
+------------------------------------------------------------+---------------------------------------------------------------------------------------------------------------------------------------------------------------------------+----------------------------------------------------------------------------------------------------------------------------------------------------------------------+------------------+----------------+
|  dsgn_can_network_v3_i/processing_system7_0/inst/FCLK_CLK0 | dsgn_can_network_v3_i/processing_system7_0_axi_periph/s00_couplers/auto_pc/inst/gen_axilite.gen_b2s_conv.axilite_b2s/WR.b_channel_0/bid_fifo_0/bresp_push                 |                                                                                                                                                                      |                1 |              2 |
|  dsgn_can_network_v3_i/processing_system7_0/inst/FCLK_CLK0 |                                                                                                                                                                           | dsgn_can_network_v3_i/processing_system7_0_axi_periph/s00_couplers/auto_pc/inst/gen_axilite.gen_b2s_conv.axilite_b2s/SI_REG/ar_pipe/m_valid_i_reg_0                  |                3 |              4 |
|  dsgn_can_network_v3_i/processing_system7_0/inst/FCLK_CLK0 | dsgn_can_network_v3_i/axi_gpio_leds/U0/AXI_LITE_IPIF_I/I_SLAVE_ATTACHMENT/I_DECODER/Not_Dual.gpio_OE_reg[0][0]                                                            | dsgn_can_network_v3_i/axi_gpio_leds/U0/AXI_LITE_IPIF_I/I_SLAVE_ATTACHMENT/SR                                                                                         |                1 |              4 |
|  dsgn_can_network_v3_i/processing_system7_0/inst/FCLK_CLK0 | dsgn_can_network_v3_i/axi_gpio_leds/U0/AXI_LITE_IPIF_I/I_SLAVE_ATTACHMENT/I_DECODER/E[0]                                                                                  | dsgn_can_network_v3_i/axi_gpio_leds/U0/AXI_LITE_IPIF_I/I_SLAVE_ATTACHMENT/SR                                                                                         |                1 |              4 |
|  dsgn_can_network_v3_i/processing_system7_0/inst/FCLK_CLK0 | dsgn_can_network_v3_i/axi_gpio_leds/U0/AXI_LITE_IPIF_I/I_SLAVE_ATTACHMENT/s_axi_rdata_i[3]_i_1_n_0                                                                        | dsgn_can_network_v3_i/axi_gpio_leds/U0/AXI_LITE_IPIF_I/I_SLAVE_ATTACHMENT/SR                                                                                         |                1 |              4 |
|  dsgn_can_network_v3_i/processing_system7_0/inst/FCLK_CLK0 | dsgn_can_network_v3_i/axi_gpio_btns/U0/AXI_LITE_IPIF_I/I_SLAVE_ATTACHMENT/I_DECODER/E[0]                                                                                  | dsgn_can_network_v3_i/axi_gpio_btns/U0/bus2ip_reset                                                                                                                  |                1 |              4 |
|  dsgn_can_network_v3_i/processing_system7_0/inst/FCLK_CLK0 | dsgn_can_network_v3_i/axi_gpio_leds/U0/AXI_LITE_IPIF_I/I_SLAVE_ATTACHMENT/bus2ip_addr_i[8]_i_1_n_0                                                                        | dsgn_can_network_v3_i/axi_gpio_leds/U0/AXI_LITE_IPIF_I/I_SLAVE_ATTACHMENT/SR                                                                                         |                1 |              4 |
|  dsgn_can_network_v3_i/processing_system7_0/inst/FCLK_CLK0 | dsgn_can_network_v3_i/processing_system7_0_axi_periph/s00_couplers/auto_pc/inst/gen_axilite.gen_b2s_conv.axilite_b2s/RD.ar_channel_0/ar_cmd_fsm_0/axlen_cnt_reg[3][0]     | dsgn_can_network_v3_i/processing_system7_0_axi_periph/s00_couplers/auto_pc/inst/gen_axilite.gen_b2s_conv.axilite_b2s/RD.ar_channel_0/ar_cmd_fsm_0/axlen_cnt_reg[7]   |                2 |              4 |
|  dsgn_can_network_v3_i/processing_system7_0/inst/FCLK_CLK0 |                                                                                                                                                                           | dsgn_can_network_v3_i/processing_system7_0_axi_periph/s00_couplers/auto_pc/inst/gen_axilite.gen_b2s_conv.axilite_b2s/SI_REG/aw_pipe/s_ready_i_reg_0                  |                2 |              4 |
|  dsgn_can_network_v3_i/processing_system7_0/inst/FCLK_CLK0 | dsgn_can_network_v3_i/processing_system7_0_axi_periph/s00_couplers/auto_pc/inst/gen_axilite.gen_b2s_conv.axilite_b2s/WR.aw_channel_0/aw_cmd_fsm_0/axlen_cnt_reg[3][0]     | dsgn_can_network_v3_i/processing_system7_0_axi_periph/s00_couplers/auto_pc/inst/gen_axilite.gen_b2s_conv.axilite_b2s/WR.aw_channel_0/aw_cmd_fsm_0/axlen_cnt_reg[7]_1 |                1 |              4 |
|  dsgn_can_network_v3_i/processing_system7_0/inst/FCLK_CLK0 |                                                                                                                                                                           | dsgn_can_network_v3_i/axi_gpio_leds/U0/AXI_LITE_IPIF_I/I_SLAVE_ATTACHMENT/clear                                                                                      |                2 |              4 |
|  dsgn_can_network_v3_i/processing_system7_0/inst/FCLK_CLK0 |                                                                                                                                                                           | dsgn_can_network_v3_i/axi_gpio_leds/U0/AXI_LITE_IPIF_I/I_SLAVE_ATTACHMENT/I_DECODER/Not_Dual.READ_REG_GEN[0].GPIO_DBus_i_reg[28]                                     |                1 |              4 |
|  dsgn_can_network_v3_i/processing_system7_0/inst/FCLK_CLK0 |                                                                                                                                                                           | dsgn_can_network_v3_i/axi_gpio_btns/U0/AXI_LITE_IPIF_I/I_SLAVE_ATTACHMENT/clear                                                                                      |                1 |              4 |
|  dsgn_can_network_v3_i/processing_system7_0/inst/FCLK_CLK0 |                                                                                                                                                                           | dsgn_can_network_v3_i/axi_gpio_btns/U0/AXI_LITE_IPIF_I/I_SLAVE_ATTACHMENT/I_DECODER/Read_Reg_Rst                                                                     |                1 |              4 |
|  dsgn_can_network_v3_i/processing_system7_0/inst/FCLK_CLK0 |                                                                                                                                                                           | dsgn_can_network_v3_i/axi_gpio_in_intr/U0/AXI_LITE_IPIF_I/I_SLAVE_ATTACHMENT/clear                                                                                   |                1 |              4 |
|  dsgn_can_network_v3_i/processing_system7_0/inst/FCLK_CLK0 |                                                                                                                                                                           | dsgn_can_network_v3_i/rst_processing_system7_0_100M/U0/EXT_LPF/lpf_int                                                                                               |                2 |              5 |
|  dsgn_can_network_v3_i/processing_system7_0/inst/FCLK_CLK0 | dsgn_can_network_v3_i/processing_system7_0_axi_periph/xbar/inst/gen_sasd.crossbar_sasd_0/reg_slice_r/aa_rready                                                            |                                                                                                                                                                      |                1 |              5 |
|  dsgn_can_network_v3_i/processing_system7_0/inst/FCLK_CLK0 | dsgn_can_network_v3_i/axi_gpio_btns/U0/AXI_LITE_IPIF_I/I_SLAVE_ATTACHMENT/s_axi_rdata_i                                                                                   | dsgn_can_network_v3_i/axi_gpio_btns/U0/bus2ip_reset                                                                                                                  |                1 |              5 |
|  dsgn_can_network_v3_i/processing_system7_0/inst/FCLK_CLK0 | dsgn_can_network_v3_i/rst_processing_system7_0_100M/U0/SEQ/seq_cnt_en                                                                                                     | dsgn_can_network_v3_i/rst_processing_system7_0_100M/U0/SEQ/SEQ_COUNTER/clear                                                                                         |                1 |              6 |
|  dsgn_can_network_v3_i/processing_system7_0/inst/FCLK_CLK0 | dsgn_can_network_v3_i/processing_system7_0_axi_periph/xbar/inst/gen_sasd.crossbar_sasd_0/addr_arbiter_inst/E[0]                                                           |                                                                                                                                                                      |                1 |              8 |
|  dsgn_can_network_v3_i/processing_system7_0/inst/FCLK_CLK0 | dsgn_can_network_v3_i/processing_system7_0_axi_periph/s00_couplers/auto_pc/inst/gen_axilite.gen_b2s_conv.axilite_b2s/WR.b_channel_0/mhandshake_r                          | dsgn_can_network_v3_i/processing_system7_0_axi_periph/s00_couplers/auto_pc/inst/gen_axilite.gen_b2s_conv.axilite_b2s/WR.b_channel_0/bid_fifo_0/SR[0]                 |                2 |              8 |
|  dsgn_can_network_v3_i/processing_system7_0/inst/FCLK_CLK0 | dsgn_can_network_v3_i/axi_gpio_btns/U0/AXI_LITE_IPIF_I/I_SLAVE_ATTACHMENT/start2_i_1_n_0                                                                                  | dsgn_can_network_v3_i/axi_gpio_btns/U0/bus2ip_reset                                                                                                                  |                2 |              8 |
|  dsgn_can_network_v3_i/processing_system7_0/inst/FCLK_CLK0 | dsgn_can_network_v3_i/axi_gpio_in_intr/U0/AXI_LITE_IPIF_I/I_SLAVE_ATTACHMENT/bus2ip_addr_i[8]_i_1_n_0                                                                     | dsgn_can_network_v3_i/axi_gpio_in_intr/U0/I_SLAVE_ATTACHMENT/rst                                                                                                     |                1 |              8 |
|  dsgn_can_network_v3_i/processing_system7_0/inst/FCLK_CLK0 | dsgn_can_network_v3_i/processing_system7_0_axi_periph/s00_couplers/auto_pc/inst/gen_axilite.gen_b2s_conv.axilite_b2s/WR.aw_channel_0/aw_cmd_fsm_0/axaddr_incr_reg[11]     |                                                                                                                                                                      |                3 |             12 |
|  dsgn_can_network_v3_i/processing_system7_0/inst/FCLK_CLK0 | dsgn_can_network_v3_i/processing_system7_0_axi_periph/s00_couplers/auto_pc/inst/gen_axilite.gen_b2s_conv.axilite_b2s/WR.aw_channel_0/aw_cmd_fsm_0/E[0]                    |                                                                                                                                                                      |                4 |             12 |
|  dsgn_can_network_v3_i/processing_system7_0/inst/FCLK_CLK0 | dsgn_can_network_v3_i/processing_system7_0_axi_periph/s00_couplers/auto_pc/inst/gen_axilite.gen_b2s_conv.axilite_b2s/RD.ar_channel_0/ar_cmd_fsm_0/E[0]                    |                                                                                                                                                                      |                5 |             12 |
|  dsgn_can_network_v3_i/processing_system7_0/inst/FCLK_CLK0 | dsgn_can_network_v3_i/processing_system7_0_axi_periph/s00_couplers/auto_pc/inst/gen_axilite.gen_b2s_conv.axilite_b2s/RD.ar_channel_0/ar_cmd_fsm_0/axaddr_incr_reg[11]     |                                                                                                                                                                      |                3 |             12 |
|  dsgn_can_network_v3_i/processing_system7_0/inst/FCLK_CLK0 | dsgn_can_network_v3_i/processing_system7_0_axi_periph/s00_couplers/auto_pc/inst/gen_axilite.gen_b2s_conv.axilite_b2s/RD.r_channel_0/r_push_r                              |                                                                                                                                                                      |                4 |             13 |
|  dsgn_can_network_v3_i/processing_system7_0/inst/FCLK_CLK0 |                                                                                                                                                                           | dsgn_can_network_v3_i/processing_system7_0_axi_periph/xbar/inst/gen_sasd.crossbar_sasd_0/addr_arbiter_inst/SR[0]                                                     |                6 |             13 |
|  dsgn_can_network_v3_i/processing_system7_0/inst/FCLK_CLK0 | dsgn_can_network_v3_i/processing_system7_0_axi_periph/s00_couplers/auto_pc/inst/gen_axilite.gen_b2s_conv.axilite_b2s/SI_REG/b_pipe/p_1_in                                 |                                                                                                                                                                      |                2 |             14 |
|  dsgn_can_network_v3_i/processing_system7_0/inst/FCLK_CLK0 | dsgn_can_network_v3_i/processing_system7_0_axi_periph/s00_couplers/auto_pc/inst/gen_axilite.gen_b2s_conv.axilite_b2s/SI_REG/b_pipe/skid_buffer_reg[0]_0                   |                                                                                                                                                                      |                2 |             14 |
|  dsgn_can_network_v3_i/processing_system7_0/inst/FCLK_CLK0 |                                                                                                                                                                           | dsgn_can_network_v3_i/axi_gpio_leds/U0/AXI_LITE_IPIF_I/I_SLAVE_ATTACHMENT/SR                                                                                         |                4 |             15 |
|  dsgn_can_network_v3_i/processing_system7_0/inst/FCLK_CLK0 | dsgn_can_network_v3_i/axi_gpio_btns/U0/AXI_LITE_IPIF_I/I_SLAVE_ATTACHMENT/start2                                                                                          | dsgn_can_network_v3_i/axi_gpio_btns/U0/AXI_LITE_IPIF_I/I_SLAVE_ATTACHMENT/I_DECODER/GEN_BKEND_CE_REGISTERS[19].ce_out_i[19]_i_1_n_0                                  |                6 |             17 |
|  dsgn_can_network_v3_i/processing_system7_0/inst/FCLK_CLK0 | dsgn_can_network_v3_i/axi_gpio_in_intr/U0/AXI_LITE_IPIF_I/I_SLAVE_ATTACHMENT/start2                                                                                       | dsgn_can_network_v3_i/axi_gpio_in_intr/U0/AXI_LITE_IPIF_I/I_SLAVE_ATTACHMENT/I_DECODER/GEN_BKEND_CE_REGISTERS[19].ce_out_i[19]_i_1_n_0                               |                6 |             17 |
|  dsgn_can_network_v3_i/processing_system7_0/inst/FCLK_CLK0 | dsgn_can_network_v3_i/processing_system7_0_axi_periph/s00_couplers/auto_pc/inst/gen_axilite.gen_b2s_conv.axilite_b2s/WR.aw_channel_0/aw_cmd_fsm_0/axlen_cnt_reg[3][0]     |                                                                                                                                                                      |                8 |             20 |
|  dsgn_can_network_v3_i/processing_system7_0/inst/FCLK_CLK0 | dsgn_can_network_v3_i/processing_system7_0_axi_periph/s00_couplers/auto_pc/inst/gen_axilite.gen_b2s_conv.axilite_b2s/WR.aw_channel_0/aw_cmd_fsm_0/axlen_cnt_reg[7]_2      |                                                                                                                                                                      |                5 |             20 |
|  dsgn_can_network_v3_i/processing_system7_0/inst/FCLK_CLK0 | dsgn_can_network_v3_i/processing_system7_0_axi_periph/s00_couplers/auto_pc/inst/gen_axilite.gen_b2s_conv.axilite_b2s/RD.ar_channel_0/ar_cmd_fsm_0/axlen_cnt_reg[3][0]     |                                                                                                                                                                      |                8 |             20 |
|  dsgn_can_network_v3_i/processing_system7_0/inst/FCLK_CLK0 | dsgn_can_network_v3_i/processing_system7_0_axi_periph/xbar/inst/gen_sasd.crossbar_sasd_0/addr_arbiter_inst/p_0_in1_in                                                     | dsgn_can_network_v3_i/processing_system7_0_axi_periph/xbar/inst/gen_sasd.crossbar_sasd_0/addr_arbiter_inst/SR[0]                                                     |                9 |             23 |
|  dsgn_can_network_v3_i/processing_system7_0/inst/FCLK_CLK0 |                                                                                                                                                                           | dsgn_can_network_v3_i/axi_gpio_in_intr/U0/I_SLAVE_ATTACHMENT/rst                                                                                                     |                9 |             32 |
|  dsgn_can_network_v3_i/processing_system7_0/inst/FCLK_CLK0 | dsgn_can_network_v3_i/processing_system7_0_axi_periph/s00_couplers/auto_pc/inst/gen_axilite.gen_b2s_conv.axilite_b2s/RD.r_channel_0/rd_data_fifo_0/wr_en0                 |                                                                                                                                                                      |                9 |             34 |
|  dsgn_can_network_v3_i/processing_system7_0/inst/FCLK_CLK0 |                                                                                                                                                                           | dsgn_can_network_v3_i/axi_gpio_btns/U0/bus2ip_reset                                                                                                                  |               13 |             35 |
|  dsgn_can_network_v3_i/processing_system7_0/inst/FCLK_CLK0 | dsgn_can_network_v3_i/processing_system7_0_axi_periph/s00_couplers/auto_pc/inst/gen_axilite.gen_b2s_conv.axilite_b2s/SI_REG/r_pipe/skid_buffer_reg[0]_0                   |                                                                                                                                                                      |                9 |             47 |
|  dsgn_can_network_v3_i/processing_system7_0/inst/FCLK_CLK0 | dsgn_can_network_v3_i/processing_system7_0_axi_periph/s00_couplers/auto_pc/inst/gen_axilite.gen_b2s_conv.axilite_b2s/SI_REG/r_pipe/p_1_in                                 |                                                                                                                                                                      |                8 |             47 |
|  dsgn_can_network_v3_i/processing_system7_0/inst/FCLK_CLK0 | dsgn_can_network_v3_i/processing_system7_0_axi_periph/s00_couplers/auto_pc/inst/gen_axilite.gen_b2s_conv.axilite_b2s/WR.aw_channel_0/aw_cmd_fsm_0/m_payload_i_reg[0][0]   |                                                                                                                                                                      |               10 |             48 |
|  dsgn_can_network_v3_i/processing_system7_0/inst/FCLK_CLK0 | dsgn_can_network_v3_i/processing_system7_0_axi_periph/s00_couplers/auto_pc/inst/gen_axilite.gen_b2s_conv.axilite_b2s/RD.ar_channel_0/ar_cmd_fsm_0/m_payload_i_reg[0]_1[0] |                                                                                                                                                                      |                9 |             48 |
|  dsgn_can_network_v3_i/processing_system7_0/inst/FCLK_CLK0 | dsgn_can_network_v3_i/processing_system7_0_axi_periph/s00_couplers/auto_pc/inst/gen_axilite.gen_b2s_conv.axilite_b2s/SI_REG/ar_pipe/skid_buffer_reg[0]_0                  |                                                                                                                                                                      |               10 |             48 |
|  dsgn_can_network_v3_i/processing_system7_0/inst/FCLK_CLK0 | dsgn_can_network_v3_i/processing_system7_0_axi_periph/s00_couplers/auto_pc/inst/gen_axilite.gen_b2s_conv.axilite_b2s/SI_REG/aw_pipe/skid_buffer_reg[0]_0                  |                                                                                                                                                                      |                9 |             48 |
|  dsgn_can_network_v3_i/processing_system7_0/inst/FCLK_CLK0 |                                                                                                                                                                           | dsgn_can_network_v3_i/processing_system7_0_axi_periph/s00_couplers/auto_pc/inst/gen_axilite.gen_b2s_conv.axilite_b2s/areset_d1                                       |               15 |             59 |
|  dsgn_can_network_v3_i/processing_system7_0/inst/FCLK_CLK0 |                                                                                                                                                                           |                                                                                                                                                                      |               58 |            155 |
+------------------------------------------------------------+---------------------------------------------------------------------------------------------------------------------------------------------------------------------------+----------------------------------------------------------------------------------------------------------------------------------------------------------------------+------------------+----------------+


